2020-08-11 00:27:43.490  INFO 21478 --- [main] c.p.community.CommunityApplication       : Starting CommunityApplication on YandeMacBook-Pro.local with PID 21478 (/Users/yan/Code/community/target/classes started by yan in /Users/yan/Code/community)
2020-08-11 00:27:43.502  INFO 21478 --- [main] c.p.community.CommunityApplication       : No active profile set, falling back to default profiles: default
2020-08-11 00:27:45.085  INFO 21478 --- [main] o.s.b.w.embedded.tomcat.TomcatWebServer  : Tomcat initialized with port(s): 8887 (http)
2020-08-11 00:27:45.100  INFO 21478 --- [main] o.apache.catalina.core.StandardService   : Starting service [Tomcat]
2020-08-11 00:27:45.101  INFO 21478 --- [main] org.apache.catalina.core.StandardEngine  : Starting Servlet engine: [Apache Tomcat/9.0.36]
2020-08-11 00:27:45.206  INFO 21478 --- [main] o.a.c.c.C.[Tomcat].[localhost].[/]       : Initializing Spring embedded WebApplicationContext
2020-08-11 00:27:45.206  INFO 21478 --- [main] w.s.c.ServletWebServerApplicationContext : Root WebApplicationContext: initialization completed in 1613 ms
2020-08-11 00:27:45.966  INFO 21478 --- [main] o.s.s.concurrent.ThreadPoolTaskExecutor  : Initializing ExecutorService 'applicationTaskExecutor'
2020-08-11 00:27:46.179  INFO 21478 --- [main] o.s.b.a.w.s.WelcomePageHandlerMapping    : Adding welcome page template: index
2020-08-11 00:27:46.425  INFO 21478 --- [main] o.s.b.w.embedded.tomcat.TomcatWebServer  : Tomcat started on port(s): 8887 (http) with context path ''
2020-08-11 00:27:46.438  INFO 21478 --- [main] c.p.community.CommunityApplication       : Started CommunityApplication in 3.664 seconds (JVM running for 6.632)
2020-08-11 00:28:06.197  INFO 21478 --- [http-nio-8887-exec-1] o.a.c.c.C.[Tomcat].[localhost].[/]       : Initializing Spring DispatcherServlet 'dispatcherServlet'
2020-08-11 00:28:06.197  INFO 21478 --- [http-nio-8887-exec-1] o.s.web.servlet.DispatcherServlet        : Initializing Servlet 'dispatcherServlet'
2020-08-11 00:28:06.206  INFO 21478 --- [http-nio-8887-exec-1] o.s.web.servlet.DispatcherServlet        : Completed initialization in 8 ms
2020-08-11 00:28:06.306  INFO 21478 --- [http-nio-8887-exec-1] com.zaxxer.hikari.HikariDataSource       : HikariPool-1 - Starting...
2020-08-11 00:28:06.525  INFO 21478 --- [http-nio-8887-exec-1] com.zaxxer.hikari.HikariDataSource       : HikariPool-1 - Start completed.
2020-08-11 00:29:15.819  INFO 21478 --- [SpringContextShutdownHook] o.s.s.concurrent.ThreadPoolTaskExecutor  : Shutting down ExecutorService 'applicationTaskExecutor'
2020-08-11 00:29:15.821  INFO 21478 --- [SpringContextShutdownHook] com.zaxxer.hikari.HikariDataSource       : HikariPool-1 - Shutdown initiated...
2020-08-11 00:29:15.826  INFO 21478 --- [SpringContextShutdownHook] com.zaxxer.hikari.HikariDataSource       : HikariPool-1 - Shutdown completed.
2020-08-11 00:29:20.057  INFO 21512 --- [main] c.p.community.CommunityApplication       : Starting CommunityApplication on YandeMacBook-Pro.local with PID 21512 (/Users/yan/Code/community/target/classes started by yan in /Users/yan/Code/community)
2020-08-11 00:29:20.062  INFO 21512 --- [main] c.p.community.CommunityApplication       : No active profile set, falling back to default profiles: default
2020-08-11 00:29:21.650  INFO 21512 --- [main] o.s.b.w.embedded.tomcat.TomcatWebServer  : Tomcat initialized with port(s): 8887 (http)
2020-08-11 00:29:21.662  INFO 21512 --- [main] o.apache.catalina.core.StandardService   : Starting service [Tomcat]
2020-08-11 00:29:21.663  INFO 21512 --- [main] org.apache.catalina.core.StandardEngine  : Starting Servlet engine: [Apache Tomcat/9.0.36]
2020-08-11 00:29:21.740  INFO 21512 --- [main] o.a.c.c.C.[Tomcat].[localhost].[/]       : Initializing Spring embedded WebApplicationContext
2020-08-11 00:29:21.740  INFO 21512 --- [main] w.s.c.ServletWebServerApplicationContext : Root WebApplicationContext: initialization completed in 1587 ms
2020-08-11 00:29:22.363  INFO 21512 --- [main] o.s.s.concurrent.ThreadPoolTaskExecutor  : Initializing ExecutorService 'applicationTaskExecutor'
2020-08-11 00:29:22.545  INFO 21512 --- [main] o.s.b.a.w.s.WelcomePageHandlerMapping    : Adding welcome page template: index
2020-08-11 00:29:22.767  INFO 21512 --- [main] o.s.b.w.embedded.tomcat.TomcatWebServer  : Tomcat started on port(s): 8887 (http) with context path ''
2020-08-11 00:29:22.779  INFO 21512 --- [main] c.p.community.CommunityApplication       : Started CommunityApplication in 3.306 seconds (JVM running for 6.212)
2020-08-11 00:29:37.001  INFO 21512 --- [http-nio-8887-exec-1] o.a.c.c.C.[Tomcat].[localhost].[/]       : Initializing Spring DispatcherServlet 'dispatcherServlet'
2020-08-11 00:29:37.001  INFO 21512 --- [http-nio-8887-exec-1] o.s.web.servlet.DispatcherServlet        : Initializing Servlet 'dispatcherServlet'
2020-08-11 00:29:37.008  INFO 21512 --- [http-nio-8887-exec-1] o.s.web.servlet.DispatcherServlet        : Completed initialization in 6 ms
2020-08-11 00:29:37.079  INFO 21512 --- [http-nio-8887-exec-1] com.zaxxer.hikari.HikariDataSource       : HikariPool-1 - Starting...
2020-08-11 00:29:37.286  INFO 21512 --- [http-nio-8887-exec-1] com.zaxxer.hikari.HikariDataSource       : HikariPool-1 - Start completed.
2020-08-11 00:30:37.271  INFO 21512 --- [SpringContextShutdownHook] o.s.s.concurrent.ThreadPoolTaskExecutor  : Shutting down ExecutorService 'applicationTaskExecutor'
2020-08-11 00:30:37.272  INFO 21512 --- [SpringContextShutdownHook] com.zaxxer.hikari.HikariDataSource       : HikariPool-1 - Shutdown initiated...
2020-08-11 00:30:37.276  INFO 21512 --- [SpringContextShutdownHook] com.zaxxer.hikari.HikariDataSource       : HikariPool-1 - Shutdown completed.
2020-08-11 00:30:42.491  INFO 21545 --- [main] c.p.community.CommunityApplication       : Starting CommunityApplication on YandeMacBook-Pro.local with PID 21545 (/Users/yan/Code/community/target/classes started by yan in /Users/yan/Code/community)
2020-08-11 00:30:42.497  INFO 21545 --- [main] c.p.community.CommunityApplication       : No active profile set, falling back to default profiles: default
2020-08-11 00:30:44.280  INFO 21545 --- [main] o.s.b.w.embedded.tomcat.TomcatWebServer  : Tomcat initialized with port(s): 8887 (http)
2020-08-11 00:30:44.291  INFO 21545 --- [main] o.apache.catalina.core.StandardService   : Starting service [Tomcat]
2020-08-11 00:30:44.291  INFO 21545 --- [main] org.apache.catalina.core.StandardEngine  : Starting Servlet engine: [Apache Tomcat/9.0.36]
2020-08-11 00:30:44.361  INFO 21545 --- [main] o.a.c.c.C.[Tomcat].[localhost].[/]       : Initializing Spring embedded WebApplicationContext
2020-08-11 00:30:44.361  INFO 21545 --- [main] w.s.c.ServletWebServerApplicationContext : Root WebApplicationContext: initialization completed in 1743 ms
2020-08-11 00:30:45.053  INFO 21545 --- [main] o.s.s.concurrent.ThreadPoolTaskExecutor  : Initializing ExecutorService 'applicationTaskExecutor'
2020-08-11 00:30:45.268  INFO 21545 --- [main] o.s.b.a.w.s.WelcomePageHandlerMapping    : Adding welcome page template: index
2020-08-11 00:30:45.522  INFO 21545 --- [main] o.s.b.w.embedded.tomcat.TomcatWebServer  : Tomcat started on port(s): 8887 (http) with context path ''
2020-08-11 00:30:45.535  INFO 21545 --- [main] c.p.community.CommunityApplication       : Started CommunityApplication in 3.622 seconds (JVM running for 6.67)
2020-08-11 00:30:53.418  INFO 21545 --- [http-nio-8887-exec-1] o.a.c.c.C.[Tomcat].[localhost].[/]       : Initializing Spring DispatcherServlet 'dispatcherServlet'
2020-08-11 00:30:53.418  INFO 21545 --- [http-nio-8887-exec-1] o.s.web.servlet.DispatcherServlet        : Initializing Servlet 'dispatcherServlet'
2020-08-11 00:30:53.425  INFO 21545 --- [http-nio-8887-exec-1] o.s.web.servlet.DispatcherServlet        : Completed initialization in 7 ms
2020-08-11 00:30:53.493  INFO 21545 --- [http-nio-8887-exec-1] com.zaxxer.hikari.HikariDataSource       : HikariPool-1 - Starting...
2020-08-11 00:30:53.698  INFO 21545 --- [http-nio-8887-exec-1] com.zaxxer.hikari.HikariDataSource       : HikariPool-1 - Start completed.
2020-08-11 00:33:20.968  INFO 21545 --- [SpringContextShutdownHook] o.s.s.concurrent.ThreadPoolTaskExecutor  : Shutting down ExecutorService 'applicationTaskExecutor'
2020-08-11 00:33:20.969  INFO 21545 --- [SpringContextShutdownHook] com.zaxxer.hikari.HikariDataSource       : HikariPool-1 - Shutdown initiated...
2020-08-11 00:33:20.973  INFO 21545 --- [SpringContextShutdownHook] com.zaxxer.hikari.HikariDataSource       : HikariPool-1 - Shutdown completed.
2020-08-11 00:33:25.858  INFO 21680 --- [main] c.p.community.CommunityApplication       : Starting CommunityApplication on YandeMacBook-Pro.local with PID 21680 (/Users/yan/Code/community/target/classes started by yan in /Users/yan/Code/community)
2020-08-11 00:33:25.861  INFO 21680 --- [main] c.p.community.CommunityApplication       : No active profile set, falling back to default profiles: default
2020-08-11 00:33:27.243  INFO 21680 --- [main] o.s.b.w.embedded.tomcat.TomcatWebServer  : Tomcat initialized with port(s): 8887 (http)
2020-08-11 00:33:27.254  INFO 21680 --- [main] o.apache.catalina.core.StandardService   : Starting service [Tomcat]
2020-08-11 00:33:27.255  INFO 21680 --- [main] org.apache.catalina.core.StandardEngine  : Starting Servlet engine: [Apache Tomcat/9.0.36]
2020-08-11 00:33:27.325  INFO 21680 --- [main] o.a.c.c.C.[Tomcat].[localhost].[/]       : Initializing Spring embedded WebApplicationContext
2020-08-11 00:33:27.326  INFO 21680 --- [main] w.s.c.ServletWebServerApplicationContext : Root WebApplicationContext: initialization completed in 1401 ms
2020-08-11 00:33:28.152  INFO 21680 --- [main] o.s.s.concurrent.ThreadPoolTaskExecutor  : Initializing ExecutorService 'applicationTaskExecutor'
2020-08-11 00:33:28.453  INFO 21680 --- [main] o.s.b.a.w.s.WelcomePageHandlerMapping    : Adding welcome page template: index
2020-08-11 00:33:29.005  INFO 21680 --- [main] o.s.b.w.embedded.tomcat.TomcatWebServer  : Tomcat started on port(s): 8887 (http) with context path ''
2020-08-11 00:33:29.021  INFO 21680 --- [main] c.p.community.CommunityApplication       : Started CommunityApplication in 3.851 seconds (JVM running for 6.56)
2020-08-11 00:33:39.009  INFO 21680 --- [http-nio-8887-exec-1] o.a.c.c.C.[Tomcat].[localhost].[/]       : Initializing Spring DispatcherServlet 'dispatcherServlet'
2020-08-11 00:33:39.009  INFO 21680 --- [http-nio-8887-exec-1] o.s.web.servlet.DispatcherServlet        : Initializing Servlet 'dispatcherServlet'
2020-08-11 00:33:39.018  INFO 21680 --- [http-nio-8887-exec-1] o.s.web.servlet.DispatcherServlet        : Completed initialization in 8 ms
2020-08-11 00:33:39.090  INFO 21680 --- [http-nio-8887-exec-1] com.zaxxer.hikari.HikariDataSource       : HikariPool-1 - Starting...
2020-08-11 00:33:39.286  INFO 21680 --- [http-nio-8887-exec-1] com.zaxxer.hikari.HikariDataSource       : HikariPool-1 - Start completed.
2020-08-11 00:34:09.406  INFO 21680 --- [SpringContextShutdownHook] o.s.s.concurrent.ThreadPoolTaskExecutor  : Shutting down ExecutorService 'applicationTaskExecutor'
2020-08-11 00:34:09.408  INFO 21680 --- [SpringContextShutdownHook] com.zaxxer.hikari.HikariDataSource       : HikariPool-1 - Shutdown initiated...
2020-08-11 00:34:09.410  INFO 21680 --- [SpringContextShutdownHook] com.zaxxer.hikari.HikariDataSource       : HikariPool-1 - Shutdown completed.
2020-08-11 00:34:14.425  INFO 21710 --- [main] c.p.community.CommunityApplication       : Starting CommunityApplication on YandeMacBook-Pro.local with PID 21710 (/Users/yan/Code/community/target/classes started by yan in /Users/yan/Code/community)
2020-08-11 00:34:14.428  INFO 21710 --- [main] c.p.community.CommunityApplication       : No active profile set, falling back to default profiles: default
2020-08-11 00:34:15.896  INFO 21710 --- [main] o.s.b.w.embedded.tomcat.TomcatWebServer  : Tomcat initialized with port(s): 8887 (http)
2020-08-11 00:34:15.914  INFO 21710 --- [main] o.apache.catalina.core.StandardService   : Starting service [Tomcat]
2020-08-11 00:34:15.915  INFO 21710 --- [main] org.apache.catalina.core.StandardEngine  : Starting Servlet engine: [Apache Tomcat/9.0.36]
2020-08-11 00:34:16.009  INFO 21710 --- [main] o.a.c.c.C.[Tomcat].[localhost].[/]       : Initializing Spring embedded WebApplicationContext
2020-08-11 00:34:16.009  INFO 21710 --- [main] w.s.c.ServletWebServerApplicationContext : Root WebApplicationContext: initialization completed in 1492 ms
2020-08-11 00:34:16.811  INFO 21710 --- [main] o.s.s.concurrent.ThreadPoolTaskExecutor  : Initializing ExecutorService 'applicationTaskExecutor'
2020-08-11 00:34:17.024  INFO 21710 --- [main] o.s.b.a.w.s.WelcomePageHandlerMapping    : Adding welcome page template: index
2020-08-11 00:34:17.226  INFO 21710 --- [main] o.s.b.w.embedded.tomcat.TomcatWebServer  : Tomcat started on port(s): 8887 (http) with context path ''
2020-08-11 00:34:17.238  INFO 21710 --- [main] c.p.community.CommunityApplication       : Started CommunityApplication in 3.506 seconds (JVM running for 6.356)
2020-08-11 00:34:38.714  INFO 21710 --- [http-nio-8887-exec-1] o.a.c.c.C.[Tomcat].[localhost].[/]       : Initializing Spring DispatcherServlet 'dispatcherServlet'
2020-08-11 00:34:38.714  INFO 21710 --- [http-nio-8887-exec-1] o.s.web.servlet.DispatcherServlet        : Initializing Servlet 'dispatcherServlet'
2020-08-11 00:34:38.721  INFO 21710 --- [http-nio-8887-exec-1] o.s.web.servlet.DispatcherServlet        : Completed initialization in 6 ms
2020-08-11 00:34:38.784  INFO 21710 --- [http-nio-8887-exec-1] com.zaxxer.hikari.HikariDataSource       : HikariPool-1 - Starting...
2020-08-11 00:34:38.980  INFO 21710 --- [http-nio-8887-exec-1] com.zaxxer.hikari.HikariDataSource       : HikariPool-1 - Start completed.
2020-08-11 00:35:41.245  INFO 21710 --- [SpringContextShutdownHook] o.s.s.concurrent.ThreadPoolTaskExecutor  : Shutting down ExecutorService 'applicationTaskExecutor'
2020-08-11 00:35:41.247  INFO 21710 --- [SpringContextShutdownHook] com.zaxxer.hikari.HikariDataSource       : HikariPool-1 - Shutdown initiated...
2020-08-11 00:35:41.251  INFO 21710 --- [SpringContextShutdownHook] com.zaxxer.hikari.HikariDataSource       : HikariPool-1 - Shutdown completed.
2020-08-11 00:35:46.657  INFO 21750 --- [main] c.p.community.CommunityApplication       : Starting CommunityApplication on YandeMacBook-Pro.local with PID 21750 (/Users/yan/Code/community/target/classes started by yan in /Users/yan/Code/community)
2020-08-11 00:35:46.665  INFO 21750 --- [main] c.p.community.CommunityApplication       : No active profile set, falling back to default profiles: default
2020-08-11 00:35:48.013  INFO 21750 --- [main] o.s.b.w.embedded.tomcat.TomcatWebServer  : Tomcat initialized with port(s): 8887 (http)
2020-08-11 00:35:48.024  INFO 21750 --- [main] o.apache.catalina.core.StandardService   : Starting service [Tomcat]
2020-08-11 00:35:48.025  INFO 21750 --- [main] org.apache.catalina.core.StandardEngine  : Starting Servlet engine: [Apache Tomcat/9.0.36]
2020-08-11 00:35:48.088  INFO 21750 --- [main] o.a.c.c.C.[Tomcat].[localhost].[/]       : Initializing Spring embedded WebApplicationContext
2020-08-11 00:35:48.088  INFO 21750 --- [main] w.s.c.ServletWebServerApplicationContext : Root WebApplicationContext: initialization completed in 1331 ms
2020-08-11 00:35:48.731  INFO 21750 --- [main] o.s.s.concurrent.ThreadPoolTaskExecutor  : Initializing ExecutorService 'applicationTaskExecutor'
2020-08-11 00:35:48.805  INFO 21750 --- [main] o.s.b.a.w.s.WelcomePageHandlerMapping    : Adding welcome page template: index
2020-08-11 00:35:49.163  INFO 21750 --- [main] o.s.b.w.embedded.tomcat.TomcatWebServer  : Tomcat started on port(s): 8887 (http) with context path ''
2020-08-11 00:35:49.176  INFO 21750 --- [main] c.p.community.CommunityApplication       : Started CommunityApplication in 3.166 seconds (JVM running for 5.814)
2020-08-11 00:36:29.599  INFO 21750 --- [http-nio-8887-exec-1] o.a.c.c.C.[Tomcat].[localhost].[/]       : Initializing Spring DispatcherServlet 'dispatcherServlet'
2020-08-11 00:36:29.599  INFO 21750 --- [http-nio-8887-exec-1] o.s.web.servlet.DispatcherServlet        : Initializing Servlet 'dispatcherServlet'
2020-08-11 00:36:29.610  INFO 21750 --- [http-nio-8887-exec-1] o.s.web.servlet.DispatcherServlet        : Completed initialization in 10 ms
2020-08-11 00:36:29.680  INFO 21750 --- [http-nio-8887-exec-1] com.zaxxer.hikari.HikariDataSource       : HikariPool-1 - Starting...
2020-08-11 00:36:29.887  INFO 21750 --- [http-nio-8887-exec-1] com.zaxxer.hikari.HikariDataSource       : HikariPool-1 - Start completed.
2020-08-11 00:37:08.826  INFO 21750 --- [SpringContextShutdownHook] o.s.s.concurrent.ThreadPoolTaskExecutor  : Shutting down ExecutorService 'applicationTaskExecutor'
2020-08-11 00:37:08.827  INFO 21750 --- [SpringContextShutdownHook] com.zaxxer.hikari.HikariDataSource       : HikariPool-1 - Shutdown initiated...
2020-08-11 00:37:08.830  INFO 21750 --- [SpringContextShutdownHook] com.zaxxer.hikari.HikariDataSource       : HikariPool-1 - Shutdown completed.
2020-08-11 00:37:14.459  INFO 21790 --- [main] c.p.community.CommunityApplication       : Starting CommunityApplication on YandeMacBook-Pro.local with PID 21790 (/Users/yan/Code/community/target/classes started by yan in /Users/yan/Code/community)
2020-08-11 00:37:14.464  INFO 21790 --- [main] c.p.community.CommunityApplication       : No active profile set, falling back to default profiles: default
2020-08-11 00:37:16.027  INFO 21790 --- [main] o.s.b.w.embedded.tomcat.TomcatWebServer  : Tomcat initialized with port(s): 8887 (http)
2020-08-11 00:37:16.037  INFO 21790 --- [main] o.apache.catalina.core.StandardService   : Starting service [Tomcat]
2020-08-11 00:37:16.038  INFO 21790 --- [main] org.apache.catalina.core.StandardEngine  : Starting Servlet engine: [Apache Tomcat/9.0.36]
2020-08-11 00:37:16.113  INFO 21790 --- [main] o.a.c.c.C.[Tomcat].[localhost].[/]       : Initializing Spring embedded WebApplicationContext
2020-08-11 00:37:16.113  INFO 21790 --- [main] w.s.c.ServletWebServerApplicationContext : Root WebApplicationContext: initialization completed in 1549 ms
2020-08-11 00:37:16.741  INFO 21790 --- [main] o.s.s.concurrent.ThreadPoolTaskExecutor  : Initializing ExecutorService 'applicationTaskExecutor'
2020-08-11 00:37:16.932  INFO 21790 --- [main] o.s.b.a.w.s.WelcomePageHandlerMapping    : Adding welcome page template: index
2020-08-11 00:37:17.129  INFO 21790 --- [main] o.s.b.w.embedded.tomcat.TomcatWebServer  : Tomcat started on port(s): 8887 (http) with context path ''
2020-08-11 00:37:17.141  INFO 21790 --- [main] c.p.community.CommunityApplication       : Started CommunityApplication in 3.469 seconds (JVM running for 6.544)
2020-08-11 00:37:48.974  INFO 21790 --- [http-nio-8887-exec-1] o.a.c.c.C.[Tomcat].[localhost].[/]       : Initializing Spring DispatcherServlet 'dispatcherServlet'
2020-08-11 00:37:48.975  INFO 21790 --- [http-nio-8887-exec-1] o.s.web.servlet.DispatcherServlet        : Initializing Servlet 'dispatcherServlet'
2020-08-11 00:37:48.981  INFO 21790 --- [http-nio-8887-exec-1] o.s.web.servlet.DispatcherServlet        : Completed initialization in 6 ms
2020-08-11 00:37:49.050  INFO 21790 --- [http-nio-8887-exec-1] com.zaxxer.hikari.HikariDataSource       : HikariPool-1 - Starting...
2020-08-11 00:37:49.243  INFO 21790 --- [http-nio-8887-exec-1] com.zaxxer.hikari.HikariDataSource       : HikariPool-1 - Start completed.
2020-08-11 00:38:50.616  INFO 21790 --- [SpringContextShutdownHook] o.s.s.concurrent.ThreadPoolTaskExecutor  : Shutting down ExecutorService 'applicationTaskExecutor'
2020-08-11 00:38:50.617  INFO 21790 --- [SpringContextShutdownHook] com.zaxxer.hikari.HikariDataSource       : HikariPool-1 - Shutdown initiated...
2020-08-11 00:38:50.622  INFO 21790 --- [SpringContextShutdownHook] com.zaxxer.hikari.HikariDataSource       : HikariPool-1 - Shutdown completed.
2020-08-11 00:38:54.887  INFO 21836 --- [main] c.p.community.CommunityApplication       : Starting CommunityApplication on YandeMacBook-Pro.local with PID 21836 (/Users/yan/Code/community/target/classes started by yan in /Users/yan/Code/community)
2020-08-11 00:38:54.892  INFO 21836 --- [main] c.p.community.CommunityApplication       : No active profile set, falling back to default profiles: default
2020-08-11 00:38:56.503  INFO 21836 --- [main] o.s.b.w.embedded.tomcat.TomcatWebServer  : Tomcat initialized with port(s): 8887 (http)
2020-08-11 00:38:56.514  INFO 21836 --- [main] o.apache.catalina.core.StandardService   : Starting service [Tomcat]
2020-08-11 00:38:56.515  INFO 21836 --- [main] org.apache.catalina.core.StandardEngine  : Starting Servlet engine: [Apache Tomcat/9.0.36]
2020-08-11 00:38:56.606  INFO 21836 --- [main] o.a.c.c.C.[Tomcat].[localhost].[/]       : Initializing Spring embedded WebApplicationContext
2020-08-11 00:38:56.606  INFO 21836 --- [main] w.s.c.ServletWebServerApplicationContext : Root WebApplicationContext: initialization completed in 1613 ms
2020-08-11 00:38:57.303  INFO 21836 --- [main] o.s.s.concurrent.ThreadPoolTaskExecutor  : Initializing ExecutorService 'applicationTaskExecutor'
2020-08-11 00:38:57.591  INFO 21836 --- [main] o.s.b.a.w.s.WelcomePageHandlerMapping    : Adding welcome page template: index
2020-08-11 00:38:58.004  INFO 21836 --- [main] o.s.b.w.embedded.tomcat.TomcatWebServer  : Tomcat started on port(s): 8887 (http) with context path ''
2020-08-11 00:38:58.022  INFO 21836 --- [main] c.p.community.CommunityApplication       : Started CommunityApplication in 3.701 seconds (JVM running for 6.646)
2020-08-11 00:39:08.405  INFO 21836 --- [http-nio-8887-exec-1] o.a.c.c.C.[Tomcat].[localhost].[/]       : Initializing Spring DispatcherServlet 'dispatcherServlet'
2020-08-11 00:39:08.405  INFO 21836 --- [http-nio-8887-exec-1] o.s.web.servlet.DispatcherServlet        : Initializing Servlet 'dispatcherServlet'
2020-08-11 00:39:08.411  INFO 21836 --- [http-nio-8887-exec-1] o.s.web.servlet.DispatcherServlet        : Completed initialization in 5 ms
2020-08-11 00:39:08.476  INFO 21836 --- [http-nio-8887-exec-1] com.zaxxer.hikari.HikariDataSource       : HikariPool-1 - Starting...
2020-08-11 00:39:08.674  INFO 21836 --- [http-nio-8887-exec-1] com.zaxxer.hikari.HikariDataSource       : HikariPool-1 - Start completed.
2020-08-11 02:43:43.341  WARN 21836 --- [HikariPool-1 housekeeper] com.zaxxer.hikari.pool.HikariPool        : HikariPool-1 - Thread starvation or clock leap detected (housekeeper delta=1m3s952ms).
2020-08-11 04:56:55.966  WARN 21836 --- [HikariPool-1 housekeeper] com.zaxxer.hikari.pool.HikariPool        : HikariPool-1 - Thread starvation or clock leap detected (housekeeper delta=2h12s567ms).
2020-08-11 04:57:56.549  WARN 21836 --- [HikariPool-1 housekeeper] com.zaxxer.hikari.pool.HikariPool        : HikariPool-1 - Thread starvation or clock leap detected (housekeeper delta=1m397ms).
2020-08-11 06:04:13.337  WARN 21836 --- [HikariPool-1 housekeeper] com.zaxxer.hikari.pool.HikariPool        : HikariPool-1 - Thread starvation or clock leap detected (housekeeper delta=1h6m16s974ms).
2020-08-11 09:00:12.872  WARN 21836 --- [HikariPool-1 housekeeper] com.zaxxer.hikari.pool.HikariPool        : HikariPool-1 - Thread starvation or clock leap detected (housekeeper delta=2h55m59s520ms).
2020-08-11 09:51:44.214  WARN 21836 --- [HikariPool-1 housekeeper] com.zaxxer.hikari.pool.HikariPool        : HikariPool-1 - Thread starvation or clock leap detected (housekeeper delta=51m31s358ms).
2020-08-11 11:47:18.416  WARN 21836 --- [HikariPool-1 housekeeper] com.zaxxer.hikari.pool.HikariPool        : HikariPool-1 - Thread starvation or clock leap detected (housekeeper delta=4m59s560ms).
2020-08-11 12:39:58.069  WARN 21836 --- [HikariPool-1 housekeeper] com.zaxxer.hikari.pool.HikariPool        : HikariPool-1 - Thread starvation or clock leap detected (housekeeper delta=27m4s807ms).
2020-08-11 14:45:27.170  WARN 21836 --- [HikariPool-1 housekeeper] com.zaxxer.hikari.pool.HikariPool        : HikariPool-1 - Thread starvation or clock leap detected (housekeeper delta=1h28m48s687ms).
2020-08-11 18:43:18.127  WARN 21836 --- [HikariPool-1 housekeeper] com.zaxxer.hikari.pool.HikariPool        : HikariPool-1 - Thread starvation or clock leap detected (housekeeper delta=16m16s948ms).
2020-08-11 20:15:51.983  WARN 21836 --- [HikariPool-1 housekeeper] com.zaxxer.hikari.pool.HikariPool        : HikariPool-1 - Thread starvation or clock leap detected (housekeeper delta=1h19m3s793ms).
